[2025-06-11T15:12:07.358Z] 开始更新游戏数据
[2025-06-11T15:12:07.369Z] 已备份游戏数据到 /Users/sasa/Desktop/SCYS/mindseye v0.1/src/data/backups/games-2025-06-11T15-12-07-368Z.json
[2025-06-11T15:12:07.371Z] 开始运行游戏爬虫，爬取 1 页...
[2025-06-11T15:12:11.552Z] 爬虫输出:
[2025-06-11T15:12:11.553Z] 输出目录: /Users/sasa/Desktop/SCYS/mindseye v0.1/src/data
开始爬取 GameDistribution 游戏数据，页数: 1
正在获取第 1/1 页游戏列表...
第 1 页获取到 100 个游戏
处理 100 个游戏数据...
游戏数据样例结构: {
  "Title": "Princess Rescue Fruit Connect",
  "Md5": "6c82ded251754899bace3d781d03d607",
  "Description": "Begin a fruity puzzle adventure. Princess Rescue Fruit Connect is a delightful match puzzle game where your mission is to rescue a beautiful princess by matching fruits and solving tricky levels. Connect two identical fruits to eliminate them. But notice clearing the board before time runs out. All while progressing to rescue the princess.",
  "Instructions": "Mouse click or tap to play\n",
  "Type": "html5",
  "SubType": "Javascript",
  "Mobile": "false",
  "MobileMode": null,
  "Height": 1920,
  "Width": 1080,
  "Https": true,
  "Status": 2,
  "Url": "https://html5.gamedistribution.com/6c82ded251754899bace3d781d03d607/",
  "Asset": [
    "https://img.gamedistribution.com/6c82ded251754899bace3d781d03d607-512x384.jpg",
    "https://img.gamedistribution.com/6c82ded251754899bace3d781d03d607-512x512.jpg",
    "https://img.gamedistribution.com/6c82ded251754899bace3d781d03d607-200x120.jpg",
    "https://img.gamedistribution.com/6c82ded251754899bace3d781d03d607-1280x720.jpg",
    "https://img.gamedistribution.com/6c82ded251754899bace3d781d03d607-1280x550.jpg"
  ],
  "Category": [
    "Adventure",
    "Puzzle"
  ],
  "Tag": [
    "princess",
    "fruits",
    "matching",
    "mission",
    "Kids Friendly",
    "No Blood"
  ]
}
成功处理 100 个游戏
从 /Users/sasa/Desktop/SCYS/mindseye v0.1/src/data/games.json 读取了 112 个现有游戏
新增了 0 个游戏，合并后共有 112 个游戏
JSON 文件已保存到 /Users/sasa/Desktop/SCYS/mindseye v0.1/src/data/gamedistribution_games.json
CSV 文件已保存到 /Users/sasa/Desktop/SCYS/mindseye v0.1/src/data/game_iframes.csv
总共获取并处理了 100 个游戏
爬虫运行完成！

[2025-06-11T15:12:11.553Z] 爬虫运行完成
[2025-06-11T15:12:11.553Z] 游戏数据更新成功
